INFO  2023-03-03 13:44:56,450 [main] [StartupInfoLogger :: logStarting :: 55] - Starting HyperMakinaApplication using Java 1.8.0_301 on Leeui-MacBookPro.local with PID 15094 (/Volumes/dev/data/mslk_workspace/hypermakina/build/classes/java/main started by laehoonlee. in /Volumes/dev/data/mslk_workspace/hypermakina)
INFO  2023-03-03 13:44:56,453 [main] [SpringApplication :: logStartupProfileInfo :: 646] - The following 4 profiles are active: "dev", "common", "devdb", "develop"
INFO  2023-03-03 13:44:57,030 [main] [RepositoryConfigurationDelegate :: registerRepositoriesIn :: 132] - Bootstrapping Spring Data JPA repositories in DEFAULT mode.
INFO  2023-03-03 13:44:57,127 [main] [RepositoryConfigurationDelegate :: registerRepositoriesIn :: 201] - Finished Spring Data repository scanning in 90 ms. Found 22 JPA repository interfaces.
WARN  2023-03-03 13:44:57,517 [main] [AbstractApplicationContext :: refresh :: 591] - Exception encountered during context initialization - cancelling refresh attempt: org.springframework.context.ApplicationContextException: Unable to start web server; nested exception is org.springframework.boot.web.server.WebServerException: Could not load key store 'classpath:/static/ssl/uiscloud_keystore.p12'
INFO  2023-03-03 13:44:57,526 [main] [ConditionEvaluationReportLoggingListener :: logMessage :: 136] - 

Error starting ApplicationContext. To display the conditions report re-run your application with 'debug' enabled.
ERROR 2023-03-03 13:44:57,547 [main] [SpringApplication :: reportFailure :: 830] - Application run failed
org.springframework.context.ApplicationContextException: Unable to start web server; nested exception is org.springframework.boot.web.server.WebServerException: Could not load key store 'classpath:/static/ssl/uiscloud_keystore.p12'
	at org.springframework.boot.web.servlet.context.ServletWebServerApplicationContext.onRefresh(ServletWebServerApplicationContext.java:163)
	at org.springframework.context.support.AbstractApplicationContext.refresh(AbstractApplicationContext.java:577)
	at org.springframework.boot.web.servlet.context.ServletWebServerApplicationContext.refresh(ServletWebServerApplicationContext.java:145)
	at org.springframework.boot.SpringApplication.refresh(SpringApplication.java:740)
	at org.springframework.boot.SpringApplication.refreshContext(SpringApplication.java:415)
	at org.springframework.boot.SpringApplication.run(SpringApplication.java:303)
	at com.mslk.HyperMakinaApplication.main(HyperMakinaApplication.java:20)
Caused by: org.springframework.boot.web.server.WebServerException: Could not load key store 'classpath:/static/ssl/uiscloud_keystore.p12'
	at org.springframework.boot.web.embedded.tomcat.SslConnectorCustomizer.configureSslKeyStore(SslConnectorCustomizer.java:132)
	at org.springframework.boot.web.embedded.tomcat.SslConnectorCustomizer.configureSsl(SslConnectorCustomizer.java:92)
	at org.springframework.boot.web.embedded.tomcat.SslConnectorCustomizer.customize(SslConnectorCustomizer.java:57)
	at org.springframework.boot.web.embedded.tomcat.TomcatServletWebServerFactory.customizeSsl(TomcatServletWebServerFactory.java:363)
	at org.springframework.boot.web.embedded.tomcat.TomcatServletWebServerFactory.customizeConnector(TomcatServletWebServerFactory.java:341)
	at org.springframework.boot.web.embedded.tomcat.TomcatServletWebServerFactory.getWebServer(TomcatServletWebServerFactory.java:203)
	at org.springframework.boot.web.servlet.context.ServletWebServerApplicationContext.createWebServer(ServletWebServerApplicationContext.java:182)
	at org.springframework.boot.web.servlet.context.ServletWebServerApplicationContext.onRefresh(ServletWebServerApplicationContext.java:160)
	... 6 common frames omitted
Caused by: java.io.FileNotFoundException: class path resource [/static/ssl/uiscloud_keystore.p12] cannot be resolved to URL because it does not exist
	at org.springframework.util.ResourceUtils.getURL(ResourceUtils.java:137)
	at org.springframework.boot.web.embedded.tomcat.SslConnectorCustomizer.configureSslKeyStore(SslConnectorCustomizer.java:129)
	... 13 common frames omitted
